<?xml version="1.0" encoding="UTF-8"?>
<testsuite xmlns:xsi="http://www.w3.org/2001/XMLSchema-instance" xsi:noNamespaceSchemaLocation="https://maven.apache.org/surefire/maven-surefire-plugin/xsd/surefire-test-report-3.0.xsd" version="3.0" name="org.mynet.shoppingsite.ShoppingSiteApplicationTests" time="9.893" tests="1" errors="0" skipped="0" failures="0">
  <properties>
[...]
</properties>
  <testcase name="contextLoads" classname="org.mynet.shoppingsite.ShoppingSiteApplicationTests" time="0.52">
    <system-out><![CDATA[17:22:43.100 [main] INFO org.springframework.test.context.support.AnnotationConfigContextLoaderUtils -- Could not detect default configuration classes for test class [org.mynet.shoppingsite.ShoppingSiteApplicationTests]: ShoppingSiteApplicationTests does not declare any static, non-private, non-final, nested classes annotated with @Configuration.
17:22:43.203 [main] INFO org.springframework.boot.test.context.SpringBootTestContextBootstrapper -- Found @SpringBootConfiguration org.mynet.shoppingsite.ShoppingSiteApplication for test class org.mynet.shoppingsite.ShoppingSiteApplicationTests
17:22:43.345 [main] INFO org.springframework.boot.devtools.restart.RestartApplicationListener -- Restart disabled due to context in which it is running

  .   ____          _            __ _ _
 /\\ / ___'_ __ _ _(_)_ __  __ _ \ \ \ \
( ( )\___ | '_ | '_| | '_ \/ _` | \ \ \ \
 \\/  ___)| |_)| | | | | || (_| |  ) ) ) )
  '  |____| .__|_| |_|_| |_\__, | / / / /
 =========|_|==============|___/=/_/_/_/

 :: Spring Boot ::                (v3.3.5)

2025-05-08T17:22:43.759+08:00  INFO 14804 --- [myMall_backend] [           main] o.m.s.ShoppingSiteApplicationTests       : Starting ShoppingSiteApplicationTests using Java 22.0.2 with PID 14804 (started by 孔子明 in E:\dev\Java\SpringBootproj\myMall_backend)
2025-05-08T17:22:43.761+08:00  INFO 14804 --- [myMall_backend] [           main] o.m.s.ShoppingSiteApplicationTests       : No active profile set, falling back to 1 default profile: "default"
2025-05-08T17:22:44.745+08:00  INFO 14804 --- [myMall_backend] [           main] .s.d.r.c.RepositoryConfigurationDelegate : Multiple Spring Data modules found, entering strict repository configuration mode
2025-05-08T17:22:44.746+08:00  INFO 14804 --- [myMall_backend] [           main] .s.d.r.c.RepositoryConfigurationDelegate : Bootstrapping Spring Data JPA repositories in DEFAULT mode.
2025-05-08T17:22:44.802+08:00  INFO 14804 --- [myMall_backend] [           main] .s.d.r.c.RepositoryConfigurationDelegate : Finished Spring Data repository scanning in 49 ms. Found 7 JPA repository interfaces.
2025-05-08T17:22:45.228+08:00  INFO 14804 --- [myMall_backend] [           main] .s.d.r.c.RepositoryConfigurationDelegate : Multiple Spring Data modules found, entering strict repository configuration mode
2025-05-08T17:22:45.228+08:00  INFO 14804 --- [myMall_backend] [           main] .s.d.r.c.RepositoryConfigurationDelegate : Bootstrapping Spring Data JDBC repositories in DEFAULT mode.
2025-05-08T17:22:45.246+08:00  INFO 14804 --- [myMall_backend] [           main] .RepositoryConfigurationExtensionSupport : Spring Data JDBC - Could not safely identify store assignment for repository candidate interface org.mynet.shoppingsite.repository.AdminRepository; If you want this repository to be a JDBC repository, consider annotating your entities with one of these annotations: org.springframework.data.relational.core.mapping.Table.
2025-05-08T17:22:45.247+08:00  INFO 14804 --- [myMall_backend] [           main] .RepositoryConfigurationExtensionSupport : Spring Data JDBC - Could not safely identify store assignment for repository candidate interface org.mynet.shoppingsite.repository.CustomerRepository; If you want this repository to be a JDBC repository, consider annotating your entities with one of these annotations: org.springframework.data.relational.core.mapping.Table.
2025-05-08T17:22:45.247+08:00  INFO 14804 --- [myMall_backend] [           main] .RepositoryConfigurationExtensionSupport : Spring Data JDBC - Could not safely identify store assignment for repository candidate interface org.mynet.shoppingsite.repository.LoginLogoutRepository; If you want this repository to be a JDBC repository, consider annotating your entities with one of these annotations: org.springframework.data.relational.core.mapping.Table.
2025-05-08T17:22:45.247+08:00  INFO 14804 --- [myMall_backend] [           main] .RepositoryConfigurationExtensionSupport : Spring Data JDBC - Could not safely identify store assignment for repository candidate interface org.mynet.shoppingsite.repository.OrderItemRepository; If you want this repository to be a JDBC repository, consider annotating your entities with one of these annotations: org.springframework.data.relational.core.mapping.Table.
2025-05-08T17:22:45.248+08:00  INFO 14804 --- [myMall_backend] [           main] .RepositoryConfigurationExtensionSupport : Spring Data JDBC - Could not safely identify store assignment for repository candidate interface org.mynet.shoppingsite.repository.OrderRepository; If you want this repository to be a JDBC repository, consider annotating your entities with one of these annotations: org.springframework.data.relational.core.mapping.Table.
2025-05-08T17:22:45.248+08:00  INFO 14804 --- [myMall_backend] [           main] .RepositoryConfigurationExtensionSupport : Spring Data JDBC - Could not safely identify store assignment for repository candidate interface org.mynet.shoppingsite.repository.ProductRepository; If you want this repository to be a JDBC repository, consider annotating your entities with one of these annotations: org.springframework.data.relational.core.mapping.Table.
2025-05-08T17:22:45.248+08:00  INFO 14804 --- [myMall_backend] [           main] .RepositoryConfigurationExtensionSupport : Spring Data JDBC - Could not safely identify store assignment for repository candidate interface org.mynet.shoppingsite.repository.SellerRepository; If you want this repository to be a JDBC repository, consider annotating your entities with one of these annotations: org.springframework.data.relational.core.mapping.Table.
2025-05-08T17:22:45.249+08:00  INFO 14804 --- [myMall_backend] [           main] .s.d.r.c.RepositoryConfigurationDelegate : Finished Spring Data repository scanning in 20 ms. Found 0 JDBC repository interfaces.
2025-05-08T17:22:45.677+08:00  WARN 14804 --- [myMall_backend] [           main] trationDelegate$BeanPostProcessorChecker : Bean 'org.springframework.ws.config.annotation.DelegatingWsConfiguration' of type [org.springframework.ws.config.annotation.DelegatingWsConfiguration$$SpringCGLIB$$0] is not eligible for getting processed by all BeanPostProcessors (for example: not eligible for auto-proxying). The currently created BeanPostProcessor [annotationActionEndpointMapping] is declared through a non-static factory method on that class; consider declaring it as static instead.
2025-05-08T17:22:45.725+08:00  INFO 14804 --- [myMall_backend] [           main] .w.s.a.s.AnnotationActionEndpointMapping : Supporting [WS-Addressing August 2004, WS-Addressing 1.0]
2025-05-08T17:22:46.371+08:00  INFO 14804 --- [myMall_backend] [           main] o.hibernate.jpa.internal.util.LogHelper  : HHH000204: Processing PersistenceUnitInfo [name: default]
2025-05-08T17:22:46.503+08:00  INFO 14804 --- [myMall_backend] [           main] org.hibernate.Version                    : HHH000412: Hibernate ORM core version 6.5.3.Final
2025-05-08T17:22:46.563+08:00  INFO 14804 --- [myMall_backend] [           main] o.h.c.internal.RegionFactoryInitiator    : HHH000026: Second-level cache disabled
2025-05-08T17:22:46.975+08:00  INFO 14804 --- [myMall_backend] [           main] o.s.o.j.p.SpringPersistenceUnitInfo      : No LoadTimeWeaver setup: ignoring JPA class transformer
2025-05-08T17:22:47.009+08:00  INFO 14804 --- [myMall_backend] [           main] com.zaxxer.hikari.HikariDataSource       : HikariPool-1 - Starting...
2025-05-08T17:22:47.332+08:00  INFO 14804 --- [myMall_backend] [           main] com.zaxxer.hikari.pool.HikariPool        : HikariPool-1 - Added connection com.mysql.cj.jdbc.ConnectionImpl@4738131e
2025-05-08T17:22:47.333+08:00  INFO 14804 --- [myMall_backend] [           main] com.zaxxer.hikari.HikariDataSource       : HikariPool-1 - Start completed.
2025-05-08T17:22:48.289+08:00  INFO 14804 --- [myMall_backend] [           main] o.h.e.t.j.p.i.JtaPlatformInitiator       : HHH000489: No JTA platform available (set 'hibernate.transaction.jta.platform' to enable JTA platform integration)
2025-05-08T17:22:48.333+08:00  INFO 14804 --- [myMall_backend] [           main] j.LocalContainerEntityManagerFactoryBean : Initialized JPA EntityManagerFactory for persistence unit 'default'
2025-05-08T17:22:48.972+08:00  INFO 14804 --- [myMall_backend] [           main] o.s.d.j.r.query.QueryEnhancerFactory     : Hibernate is in classpath; If applicable, HQL parser will be used.
2025-05-08T17:22:52.122+08:00  INFO 14804 --- [myMall_backend] [           main] o.s.b.a.e.web.EndpointLinksResolver      : Exposing 1 endpoint beneath base path '/actuator'
2025-05-08T17:22:52.202+08:00  INFO 14804 --- [myMall_backend] [           main] o.m.s.ShoppingSiteApplicationTests       : Started ShoppingSiteApplicationTests in 8.869 seconds (process running for 10.006)
]]></system-out>
    <system-err><![CDATA[WARNING: A Java agent has been loaded dynamically (C:\Users\¿××ÓÃ÷\.m2\repository\net\bytebuddy\byte-buddy-agent\1.14.19\byte-buddy-agent-1.14.19.ja)
WARNING: If a serviceability tool is in use, please run with -XX:+EnableDynamicAgentLoading to hide this warning
WARNING: If a serviceability tool is not in use, please run with -Djdk.instrument.traceUsage for more information
WARNING: Dynamic loading of agents will be disallowed by default in a future release
]]></system-err>
  </testcase>
</testsuite>